Fri May 06 15:26:06 BST 2011 - Application started at:Fri May 06 15:26:06 BST 2011-
Fri May 06 15:26:08 BST 2011 - Connected to database WindDB-
Fri May 06 15:26:11 BST 2011 - serial port disconnected-
Fri May 06 15:26:11 BST 2011 - Derby shut down normally-
Fri May 06 15:26:11 BST 2011 - Database connection terminated-
Fri May 06 15:26:11 BST 2011 - Application ended at:Fri May 06 15:26:11 BST 2011-
Fri May 06 15:27:11 BST 2011 - Application started at:Fri May 06 15:27:11 BST 2011-
Fri May 06 15:27:13 BST 2011 - Connected to database WindDB-
Fri May 06 15:27:21 BST 2011 - serial port disconnected-
Fri May 06 15:27:21 BST 2011 - Derby shut down normally-
Fri May 06 15:27:21 BST 2011 - Database connection terminated-
Fri May 06 15:27:21 BST 2011 - Application ended at:Fri May 06 15:27:21 BST 2011-
Fri May 06 15:30:26 BST 2011 - Application started at:Fri May 06 15:30:26 BST 2011-
Fri May 06 15:30:28 BST 2011 - Connected to database WindDB-
Fri May 06 15:30:31 BST 2011 - Derby shut down normally-
Fri May 06 15:30:31 BST 2011 - Database connection terminated-
Fri May 06 15:30:31 BST 2011 - Application ended at:Fri May 06 15:30:31 BST 2011-
Fri May 06 15:31:04 BST 2011 - Application started at:Fri May 06 15:31:04 BST 2011-
Fri May 06 15:31:06 BST 2011 - Connected to database WindDB-
Fri May 06 15:31:07 BST 2011 - COM1 does not exist-
Fri May 06 15:31:10 BST 2011 - Derby shut down normally-
Fri May 06 15:31:10 BST 2011 - Database connection terminated-
Fri May 06 15:31:10 BST 2011 - Application ended at:Fri May 06 15:31:10 BST 2011-
Fri May 06 15:32:23 BST 2011 - Application started at:Fri May 06 15:32:23 BST 2011-
Fri May 06 15:32:25 BST 2011 - Connected to database WindDB-
Fri May 06 15:32:26 BST 2011 - COM1 does not exist-
Fri May 06 15:32:30 BST 2011 - Derby shut down normally-
Fri May 06 15:32:30 BST 2011 - Database connection terminated-
Fri May 06 15:32:30 BST 2011 - Application ended at:Fri May 06 15:32:30 BST 2011-
Fri May 06 15:33:45 BST 2011 - Application started at:Fri May 06 15:33:45 BST 2011-
Fri May 06 15:33:46 BST 2011 - Connected to database WindDB-
Fri May 06 15:33:48 BST 2011 - COM1 does not exist-
Fri May 06 15:33:52 BST 2011 - Derby shut down normally-
Fri May 06 15:33:52 BST 2011 - Database connection terminated-
Fri May 06 15:33:52 BST 2011 - Application ended at:Fri May 06 15:33:52 BST 2011-
Fri May 06 16:25:18 BST 2011 - Database is missing !!!-
